;  LST file generated by mikroListExporter - v.2.0 
; Date/Time: 10/5/2022 12:23:42 μμ
;----------------------------------------------

;Address Opcode 	ASM
0x0000	0xF002EF1B  	GOTO        1078
0x0004	0x0000      	NOP
0x0006	0x0000      	NOP
0x0008	0xF000EF00  	GOTO        0
0x000C	0x0000      	NOP
0x000E	0x0000      	NOP
0x0010	0x0000      	NOP
0x0012	0x0000      	NOP
0x0014	0x0000      	NOP
0x0016	0x0000      	NOP
0x0018	0xD7F3      	BRA         0
_Delay_50us:
;__Lib_Delays.c,19 :: 		void Delay_50us() {
;__Lib_Delays.c,20 :: 		Delay_us(50);
0x001C	0x0E21      	MOVLW       33
0x001E	0x6E0D      	MOVWF       R13, 0
L_Delay_50us2:
0x0020	0x2E0D      	DECFSZ      R13, 1, 0
0x0022	0xD7FE      	BRA         L_Delay_50us2
;__Lib_Delays.c,21 :: 		}
L_end_Delay_50us:
0x0024	0x0012      	RETURN      0
; end of _Delay_50us
_Delay_5500us:
;__Lib_Delays.c,31 :: 		void Delay_5500us() {
;__Lib_Delays.c,32 :: 		Delay_us(5500);
0x0026	0x0E0F      	MOVLW       15
0x0028	0x6E0C      	MOVWF       R12, 0
0x002A	0x0E47      	MOVLW       71
0x002C	0x6E0D      	MOVWF       R13, 0
L_Delay_5500us5:
0x002E	0x2E0D      	DECFSZ      R13, 1, 0
0x0030	0xD7FE      	BRA         L_Delay_5500us5
0x0032	0x2E0C      	DECFSZ      R12, 1, 0
0x0034	0xD7FC      	BRA         L_Delay_5500us5
0x0036	0x0000      	NOP
0x0038	0x0000      	NOP
;__Lib_Delays.c,33 :: 		}
L_end_Delay_5500us:
0x003A	0x0012      	RETURN      0
; end of _Delay_5500us
_Delay_1us:
;__Lib_Delays.c,7 :: 		void Delay_1us() {
;__Lib_Delays.c,8 :: 		Delay_us(1);
0x003C	0x0000      	NOP
0x003E	0x0000      	NOP
;__Lib_Delays.c,9 :: 		}
L_end_Delay_1us:
0x0040	0x0012      	RETURN      0
; end of _Delay_1us
_shiftBits:
;ergasia7_asim.c,28 :: 		void shiftBits(char b) {
;ergasia7_asim.c,30 :: 		CLK0
0x0042	0x9E81      	BCF         PORTB, 7 
;ergasia7_asim.c,31 :: 		if ((b&128)!=0) SDA1 else SDA0
0x0044	0x0E80      	MOVLW       128
0x0046	0x1435      	ANDWF       FARG_shiftBits_b, 0 
0x0048	0x6E01      	MOVWF       R1 
0x004A	0x5001      	MOVF        R1, 0 
0x004C	0x0A00      	XORLW       0
0x004E	0xE002      	BZ          L_shiftBits0
0x0050	0x8C81      	BSF         PORTB, 6 
0x0052	0xD001      	BRA         L_shiftBits1
L_shiftBits0:
0x0054	0x9C81      	BCF         PORTB, 6 
L_shiftBits1:
;ergasia7_asim.c,32 :: 		CLK1
0x0056	0x8E81      	BSF         PORTB, 7 
;ergasia7_asim.c,34 :: 		CLK0
0x0058	0x9E81      	BCF         PORTB, 7 
;ergasia7_asim.c,35 :: 		if ((b&64)!=0) SDA1 else SDA0
0x005A	0x0E40      	MOVLW       64
0x005C	0x1435      	ANDWF       FARG_shiftBits_b, 0 
0x005E	0x6E01      	MOVWF       R1 
0x0060	0x5001      	MOVF        R1, 0 
0x0062	0x0A00      	XORLW       0
0x0064	0xE002      	BZ          L_shiftBits2
0x0066	0x8C81      	BSF         PORTB, 6 
0x0068	0xD001      	BRA         L_shiftBits3
L_shiftBits2:
0x006A	0x9C81      	BCF         PORTB, 6 
L_shiftBits3:
;ergasia7_asim.c,36 :: 		CLK1
0x006C	0x8E81      	BSF         PORTB, 7 
;ergasia7_asim.c,38 :: 		CLK0
0x006E	0x9E81      	BCF         PORTB, 7 
;ergasia7_asim.c,39 :: 		if ((b&32)!=0) SDA1 else SDA0
0x0070	0x0E20      	MOVLW       32
0x0072	0x1435      	ANDWF       FARG_shiftBits_b, 0 
0x0074	0x6E01      	MOVWF       R1 
0x0076	0x5001      	MOVF        R1, 0 
0x0078	0x0A00      	XORLW       0
0x007A	0xE002      	BZ          L_shiftBits4
0x007C	0x8C81      	BSF         PORTB, 6 
0x007E	0xD001      	BRA         L_shiftBits5
L_shiftBits4:
0x0080	0x9C81      	BCF         PORTB, 6 
L_shiftBits5:
;ergasia7_asim.c,40 :: 		CLK1
0x0082	0x8E81      	BSF         PORTB, 7 
;ergasia7_asim.c,42 :: 		CLK0
0x0084	0x9E81      	BCF         PORTB, 7 
;ergasia7_asim.c,43 :: 		if ((b&16)!=0) SDA1 else SDA0
0x0086	0x0E10      	MOVLW       16
0x0088	0x1435      	ANDWF       FARG_shiftBits_b, 0 
0x008A	0x6E01      	MOVWF       R1 
0x008C	0x5001      	MOVF        R1, 0 
0x008E	0x0A00      	XORLW       0
0x0090	0xE002      	BZ          L_shiftBits6
0x0092	0x8C81      	BSF         PORTB, 6 
0x0094	0xD001      	BRA         L_shiftBits7
L_shiftBits6:
0x0096	0x9C81      	BCF         PORTB, 6 
L_shiftBits7:
;ergasia7_asim.c,44 :: 		CLK1
0x0098	0x8E81      	BSF         PORTB, 7 
;ergasia7_asim.c,46 :: 		CLK0
0x009A	0x9E81      	BCF         PORTB, 7 
;ergasia7_asim.c,47 :: 		if ((b&8)!=0) SDA1 else SDA0
0x009C	0x0E08      	MOVLW       8
0x009E	0x1435      	ANDWF       FARG_shiftBits_b, 0 
0x00A0	0x6E01      	MOVWF       R1 
0x00A2	0x5001      	MOVF        R1, 0 
0x00A4	0x0A00      	XORLW       0
0x00A6	0xE002      	BZ          L_shiftBits8
0x00A8	0x8C81      	BSF         PORTB, 6 
0x00AA	0xD001      	BRA         L_shiftBits9
L_shiftBits8:
0x00AC	0x9C81      	BCF         PORTB, 6 
L_shiftBits9:
;ergasia7_asim.c,48 :: 		CLK1
0x00AE	0x8E81      	BSF         PORTB, 7 
;ergasia7_asim.c,50 :: 		CLK0
0x00B0	0x9E81      	BCF         PORTB, 7 
;ergasia7_asim.c,51 :: 		if ((b&4)!=0) SDA1 else SDA0
0x00B2	0x0E04      	MOVLW       4
0x00B4	0x1435      	ANDWF       FARG_shiftBits_b, 0 
0x00B6	0x6E01      	MOVWF       R1 
0x00B8	0x5001      	MOVF        R1, 0 
0x00BA	0x0A00      	XORLW       0
0x00BC	0xE002      	BZ          L_shiftBits10
0x00BE	0x8C81      	BSF         PORTB, 6 
0x00C0	0xD001      	BRA         L_shiftBits11
L_shiftBits10:
0x00C2	0x9C81      	BCF         PORTB, 6 
L_shiftBits11:
;ergasia7_asim.c,52 :: 		CLK1
0x00C4	0x8E81      	BSF         PORTB, 7 
;ergasia7_asim.c,54 :: 		CLK0
0x00C6	0x9E81      	BCF         PORTB, 7 
;ergasia7_asim.c,55 :: 		if ((b&2)!=0) SDA1 else SDA0
0x00C8	0x0E02      	MOVLW       2
0x00CA	0x1435      	ANDWF       FARG_shiftBits_b, 0 
0x00CC	0x6E01      	MOVWF       R1 
0x00CE	0x5001      	MOVF        R1, 0 
0x00D0	0x0A00      	XORLW       0
0x00D2	0xE002      	BZ          L_shiftBits12
0x00D4	0x8C81      	BSF         PORTB, 6 
0x00D6	0xD001      	BRA         L_shiftBits13
L_shiftBits12:
0x00D8	0x9C81      	BCF         PORTB, 6 
L_shiftBits13:
;ergasia7_asim.c,56 :: 		CLK1
0x00DA	0x8E81      	BSF         PORTB, 7 
;ergasia7_asim.c,58 :: 		CLK0
0x00DC	0x9E81      	BCF         PORTB, 7 
;ergasia7_asim.c,59 :: 		if ((b&1)!=0) SDA1 else SDA0
0x00DE	0x0E01      	MOVLW       1
0x00E0	0x1435      	ANDWF       FARG_shiftBits_b, 0 
0x00E2	0x6E01      	MOVWF       R1 
0x00E4	0x5001      	MOVF        R1, 0 
0x00E6	0x0A00      	XORLW       0
0x00E8	0xE002      	BZ          L_shiftBits14
0x00EA	0x8C81      	BSF         PORTB, 6 
0x00EC	0xD001      	BRA         L_shiftBits15
L_shiftBits14:
0x00EE	0x9C81      	BCF         PORTB, 6 
L_shiftBits15:
;ergasia7_asim.c,60 :: 		CLK1
0x00F0	0x8E81      	BSF         PORTB, 7 
;ergasia7_asim.c,62 :: 		}
L_end_shiftBits:
0x00F2	0x0012      	RETURN      0
; end of _shiftBits
_Lcd_Cmd:
;__Lib_Lcd.c,18 :: 		
;__Lib_Lcd.c,20 :: 		
0x00F4	0xBE35      	BTFSC       FARG_Lcd_Cmd_out_char, 7 
0x00F6	0xD002      	BRA         L__Lcd_Cmd21
0x00F8	0x9E83      	BCF         LCD_D7, BitPos(LCD_D7+0) 
0x00FA	0xD001      	BRA         L__Lcd_Cmd22
L__Lcd_Cmd21:
0x00FC	0x8E83      	BSF         LCD_D7, BitPos(LCD_D7+0) 
L__Lcd_Cmd22:
;__Lib_Lcd.c,21 :: 		
0x00FE	0xBC35      	BTFSC       FARG_Lcd_Cmd_out_char, 6 
0x0100	0xD002      	BRA         L__Lcd_Cmd23
0x0102	0x9C83      	BCF         LCD_D6, BitPos(LCD_D6+0) 
0x0104	0xD001      	BRA         L__Lcd_Cmd24
L__Lcd_Cmd23:
0x0106	0x8C83      	BSF         LCD_D6, BitPos(LCD_D6+0) 
L__Lcd_Cmd24:
;__Lib_Lcd.c,22 :: 		
0x0108	0xBA35      	BTFSC       FARG_Lcd_Cmd_out_char, 5 
0x010A	0xD002      	BRA         L__Lcd_Cmd25
0x010C	0x9A83      	BCF         LCD_D5, BitPos(LCD_D5+0) 
0x010E	0xD001      	BRA         L__Lcd_Cmd26
L__Lcd_Cmd25:
0x0110	0x8A83      	BSF         LCD_D5, BitPos(LCD_D5+0) 
L__Lcd_Cmd26:
;__Lib_Lcd.c,23 :: 		
0x0112	0xB835      	BTFSC       FARG_Lcd_Cmd_out_char, 4 
0x0114	0xD002      	BRA         L__Lcd_Cmd27
0x0116	0x9883      	BCF         LCD_D4, BitPos(LCD_D4+0) 
0x0118	0xD001      	BRA         L__Lcd_Cmd28
L__Lcd_Cmd27:
0x011A	0x8883      	BSF         LCD_D4, BitPos(LCD_D4+0) 
L__Lcd_Cmd28:
;__Lib_Lcd.c,25 :: 		
0x011C	0xB02A      	BTFSC       __Lib_Lcd_cmd_status, BitPos(__Lib_Lcd_cmd_status+0) 
0x011E	0xD002      	BRA         L__Lcd_Cmd29
0x0120	0x8484      	BSF         LCD_RS, BitPos(LCD_RS+0) 
0x0122	0xD001      	BRA         L__Lcd_Cmd30
L__Lcd_Cmd29:
0x0124	0x9484      	BCF         LCD_RS, BitPos(LCD_RS+0) 
L__Lcd_Cmd30:
;__Lib_Lcd.c,28 :: 		
0x0126	0x8284      	BSF         LCD_EN, BitPos(LCD_EN+0) 
;__Lib_Lcd.c,29 :: 		
0x0128	0xDF89      	RCALL       _Delay_1us
;__Lib_Lcd.c,30 :: 		
0x012A	0x9284      	BCF         LCD_EN, BitPos(LCD_EN+0) 
;__Lib_Lcd.c,33 :: 		
0x012C	0xB635      	BTFSC       FARG_Lcd_Cmd_out_char, 3 
0x012E	0xD002      	BRA         L__Lcd_Cmd31
0x0130	0x9E83      	BCF         LCD_D7, BitPos(LCD_D7+0) 
0x0132	0xD001      	BRA         L__Lcd_Cmd32
L__Lcd_Cmd31:
0x0134	0x8E83      	BSF         LCD_D7, BitPos(LCD_D7+0) 
L__Lcd_Cmd32:
;__Lib_Lcd.c,34 :: 		
0x0136	0xB435      	BTFSC       FARG_Lcd_Cmd_out_char, 2 
0x0138	0xD002      	BRA         L__Lcd_Cmd33
0x013A	0x9C83      	BCF         LCD_D6, BitPos(LCD_D6+0) 
0x013C	0xD001      	BRA         L__Lcd_Cmd34
L__Lcd_Cmd33:
0x013E	0x8C83      	BSF         LCD_D6, BitPos(LCD_D6+0) 
L__Lcd_Cmd34:
;__Lib_Lcd.c,35 :: 		
0x0140	0xB235      	BTFSC       FARG_Lcd_Cmd_out_char, 1 
0x0142	0xD002      	BRA         L__Lcd_Cmd35
0x0144	0x9A83      	BCF         LCD_D5, BitPos(LCD_D5+0) 
0x0146	0xD001      	BRA         L__Lcd_Cmd36
L__Lcd_Cmd35:
0x0148	0x8A83      	BSF         LCD_D5, BitPos(LCD_D5+0) 
L__Lcd_Cmd36:
;__Lib_Lcd.c,36 :: 		
0x014A	0xB035      	BTFSC       FARG_Lcd_Cmd_out_char, 0 
0x014C	0xD002      	BRA         L__Lcd_Cmd37
0x014E	0x9883      	BCF         LCD_D4, BitPos(LCD_D4+0) 
0x0150	0xD001      	BRA         L__Lcd_Cmd38
L__Lcd_Cmd37:
0x0152	0x8883      	BSF         LCD_D4, BitPos(LCD_D4+0) 
L__Lcd_Cmd38:
;__Lib_Lcd.c,38 :: 		
0x0154	0xB02A      	BTFSC       __Lib_Lcd_cmd_status, BitPos(__Lib_Lcd_cmd_status+0) 
0x0156	0xD002      	BRA         L__Lcd_Cmd39
0x0158	0x8484      	BSF         LCD_RS, BitPos(LCD_RS+0) 
0x015A	0xD001      	BRA         L__Lcd_Cmd40
L__Lcd_Cmd39:
0x015C	0x9484      	BCF         LCD_RS, BitPos(LCD_RS+0) 
L__Lcd_Cmd40:
;__Lib_Lcd.c,40 :: 		
0x015E	0x8284      	BSF         LCD_EN, BitPos(LCD_EN+0) 
;__Lib_Lcd.c,41 :: 		
0x0160	0xDF6D      	RCALL       _Delay_1us
;__Lib_Lcd.c,42 :: 		
0x0162	0x9284      	BCF         LCD_EN, BitPos(LCD_EN+0) 
;__Lib_Lcd.c,44 :: 		
0x0164	0xA02A      	BTFSS       __Lib_Lcd_cmd_status, BitPos(__Lib_Lcd_cmd_status+0) 
0x0166	0xD002      	BRA         L_Lcd_Cmd0
;__Lib_Lcd.c,45 :: 		
0x0168	0xDF5E      	RCALL       _Delay_5500us
0x016A	0xD001      	BRA         L_Lcd_Cmd1
L_Lcd_Cmd0:
;__Lib_Lcd.c,47 :: 		
0x016C	0xDF57      	RCALL       _Delay_50us
L_Lcd_Cmd1:
;__Lib_Lcd.c,48 :: 		
L_end_Lcd_Cmd:
0x016E	0x0012      	RETURN      0
; end of _Lcd_Cmd
_Lcd_Chr_CP:
;__Lib_Lcd.c,50 :: 		
;__Lib_Lcd.c,52 :: 		
0x0170	0x902A      	BCF         __Lib_Lcd_cmd_status, BitPos(__Lib_Lcd_cmd_status+0) 
;__Lib_Lcd.c,53 :: 		
0x0172	0xF035C034  	MOVFF       FARG_Lcd_Chr_CP_out_char, FARG_Lcd_Cmd_out_char
0x0176	0xDFBE      	RCALL       _Lcd_Cmd
;__Lib_Lcd.c,54 :: 		
0x0178	0x802A      	BSF         __Lib_Lcd_cmd_status, BitPos(__Lib_Lcd_cmd_status+0) 
;__Lib_Lcd.c,55 :: 		
L_end_Lcd_Chr_CP:
0x017A	0x0012      	RETURN      0
; end of _Lcd_Chr_CP
_sendData:
;ergasia7_asim.c,76 :: 		void sendData(char datax) {
;ergasia7_asim.c,78 :: 		CLK0
0x017C	0x9E81      	BCF         PORTB, 7 
;ergasia7_asim.c,79 :: 		SDA1                      //1 indicates data
0x017E	0x8C81      	BSF         PORTB, 6 
;ergasia7_asim.c,80 :: 		CLK1
0x0180	0x8E81      	BSF         PORTB, 7 
;ergasia7_asim.c,82 :: 		shiftBits(datax);
0x0182	0xF035C034  	MOVFF       FARG_sendData_datax, FARG_shiftBits_b
0x0186	0xDF5D      	RCALL       _shiftBits
;ergasia7_asim.c,84 :: 		}
L_end_sendData:
0x0188	0x0012      	RETURN      0
; end of _sendData
_sendCMD:
;ergasia7_asim.c,66 :: 		void sendCMD(char datax) {
;ergasia7_asim.c,68 :: 		CLK0
0x018A	0x9E81      	BCF         PORTB, 7 
;ergasia7_asim.c,69 :: 		SDA0                      //0 indicates command
0x018C	0x9C81      	BCF         PORTB, 6 
;ergasia7_asim.c,70 :: 		CLK1
0x018E	0x8E81      	BSF         PORTB, 7 
;ergasia7_asim.c,71 :: 		shiftBits(datax);
0x0190	0xF035C02F  	MOVFF       FARG_sendCMD_datax, FARG_shiftBits_b
0x0194	0xDF56      	RCALL       _shiftBits
;ergasia7_asim.c,72 :: 		}
L_end_sendCMD:
0x0196	0x0012      	RETURN      0
; end of _sendCMD
_Lcd_Init:
;__Lib_Lcd.c,84 :: 		
;__Lib_Lcd.c,86 :: 		
0x0198	0x9296      	BCF         LCD_EN_Direction, BitPos(LCD_EN_Direction+0) 
;__Lib_Lcd.c,87 :: 		
0x019A	0x9496      	BCF         LCD_RS_Direction, BitPos(LCD_RS_Direction+0) 
;__Lib_Lcd.c,88 :: 		
0x019C	0x9895      	BCF         LCD_D4_Direction, BitPos(LCD_D4_Direction+0) 
;__Lib_Lcd.c,89 :: 		
0x019E	0x9A95      	BCF         LCD_D5_Direction, BitPos(LCD_D5_Direction+0) 
;__Lib_Lcd.c,90 :: 		
0x01A0	0x9C95      	BCF         LCD_D6_Direction, BitPos(LCD_D6_Direction+0) 
;__Lib_Lcd.c,91 :: 		
0x01A2	0x9E95      	BCF         LCD_D7_Direction, BitPos(LCD_D7_Direction+0) 
;__Lib_Lcd.c,93 :: 		
0x01A4	0x9284      	BCF         LCD_EN, BitPos(LCD_EN+0) 
;__Lib_Lcd.c,94 :: 		
0x01A6	0x9484      	BCF         LCD_RS, BitPos(LCD_RS+0) 
;__Lib_Lcd.c,95 :: 		
0x01A8	0x9E83      	BCF         LCD_D7, BitPos(LCD_D7+0) 
;__Lib_Lcd.c,96 :: 		
0x01AA	0x9C83      	BCF         LCD_D6, BitPos(LCD_D6+0) 
;__Lib_Lcd.c,97 :: 		
0x01AC	0x9A83      	BCF         LCD_D5, BitPos(LCD_D5+0) 
;__Lib_Lcd.c,98 :: 		
0x01AE	0x9883      	BCF         LCD_D4, BitPos(LCD_D4+0) 
;__Lib_Lcd.c,100 :: 		
0x01B0	0xDF3A      	RCALL       _Delay_5500us
;__Lib_Lcd.c,101 :: 		
0x01B2	0xDF39      	RCALL       _Delay_5500us
;__Lib_Lcd.c,102 :: 		
0x01B4	0xDF38      	RCALL       _Delay_5500us
;__Lib_Lcd.c,105 :: 		
0x01B6	0x8A83      	BSF         LCD_D5, BitPos(LCD_D5+0) 
;__Lib_Lcd.c,106 :: 		
0x01B8	0x8883      	BSF         LCD_D4, BitPos(LCD_D4+0) 
;__Lib_Lcd.c,107 :: 		
0x01BA	0x8284      	BSF         LCD_EN, BitPos(LCD_EN+0) 
;__Lib_Lcd.c,108 :: 		
0x01BC	0xDF3F      	RCALL       _Delay_1us
;__Lib_Lcd.c,109 :: 		
0x01BE	0x9284      	BCF         LCD_EN, BitPos(LCD_EN+0) 
;__Lib_Lcd.c,110 :: 		
0x01C0	0xDF32      	RCALL       _Delay_5500us
;__Lib_Lcd.c,112 :: 		
0x01C2	0x8284      	BSF         LCD_EN, BitPos(LCD_EN+0) 
;__Lib_Lcd.c,113 :: 		
0x01C4	0xDF3B      	RCALL       _Delay_1us
;__Lib_Lcd.c,114 :: 		
0x01C6	0x9284      	BCF         LCD_EN, BitPos(LCD_EN+0) 
;__Lib_Lcd.c,115 :: 		
0x01C8	0xDF2E      	RCALL       _Delay_5500us
;__Lib_Lcd.c,117 :: 		
0x01CA	0x8284      	BSF         LCD_EN, BitPos(LCD_EN+0) 
;__Lib_Lcd.c,118 :: 		
0x01CC	0xDF37      	RCALL       _Delay_1us
;__Lib_Lcd.c,119 :: 		
0x01CE	0x9284      	BCF         LCD_EN, BitPos(LCD_EN+0) 
;__Lib_Lcd.c,120 :: 		
0x01D0	0xDF2A      	RCALL       _Delay_5500us
;__Lib_Lcd.c,123 :: 		
0x01D2	0x9883      	BCF         LCD_D4, BitPos(LCD_D4+0) 
;__Lib_Lcd.c,124 :: 		
0x01D4	0x8284      	BSF         LCD_EN, BitPos(LCD_EN+0) 
;__Lib_Lcd.c,125 :: 		
0x01D6	0xDF32      	RCALL       _Delay_1us
;__Lib_Lcd.c,126 :: 		
0x01D8	0x9284      	BCF         LCD_EN, BitPos(LCD_EN+0) 
;__Lib_Lcd.c,127 :: 		
0x01DA	0xDF25      	RCALL       _Delay_5500us
;__Lib_Lcd.c,130 :: 		
0x01DC	0x8284      	BSF         LCD_EN, BitPos(LCD_EN+0) 
;__Lib_Lcd.c,131 :: 		
0x01DE	0xDF2E      	RCALL       _Delay_1us
;__Lib_Lcd.c,132 :: 		
0x01E0	0x9284      	BCF         LCD_EN, BitPos(LCD_EN+0) 
;__Lib_Lcd.c,134 :: 		
0x01E2	0x9A83      	BCF         LCD_D5, BitPos(LCD_D5+0) 
;__Lib_Lcd.c,135 :: 		
0x01E4	0x8E83      	BSF         LCD_D7, BitPos(LCD_D7+0) 
;__Lib_Lcd.c,136 :: 		
0x01E6	0x8284      	BSF         LCD_EN, BitPos(LCD_EN+0) 
;__Lib_Lcd.c,137 :: 		
0x01E8	0xDF29      	RCALL       _Delay_1us
;__Lib_Lcd.c,138 :: 		
0x01EA	0x9284      	BCF         LCD_EN, BitPos(LCD_EN+0) 
;__Lib_Lcd.c,139 :: 		
0x01EC	0xDF1C      	RCALL       _Delay_5500us
;__Lib_Lcd.c,142 :: 		
0x01EE	0x9E83      	BCF         LCD_D7, BitPos(LCD_D7+0) 
;__Lib_Lcd.c,143 :: 		
0x01F0	0x8883      	BSF         LCD_D4, BitPos(LCD_D4+0) 
;__Lib_Lcd.c,144 :: 		
0x01F2	0x8284      	BSF         LCD_EN, BitPos(LCD_EN+0) 
;__Lib_Lcd.c,145 :: 		
0x01F4	0xDF23      	RCALL       _Delay_1us
;__Lib_Lcd.c,146 :: 		
0x01F6	0x9284      	BCF         LCD_EN, BitPos(LCD_EN+0) 
;__Lib_Lcd.c,148 :: 		
0x01F8	0x9883      	BCF         LCD_D4, BitPos(LCD_D4+0) 
;__Lib_Lcd.c,149 :: 		
0x01FA	0x8284      	BSF         LCD_EN, BitPos(LCD_EN+0) 
;__Lib_Lcd.c,150 :: 		
0x01FC	0xDF1F      	RCALL       _Delay_1us
;__Lib_Lcd.c,151 :: 		
0x01FE	0x9284      	BCF         LCD_EN, BitPos(LCD_EN+0) 
;__Lib_Lcd.c,152 :: 		
0x0200	0xDF12      	RCALL       _Delay_5500us
;__Lib_Lcd.c,155 :: 		
0x0202	0x8284      	BSF         LCD_EN, BitPos(LCD_EN+0) 
;__Lib_Lcd.c,156 :: 		
0x0204	0xDF1B      	RCALL       _Delay_1us
;__Lib_Lcd.c,157 :: 		
0x0206	0x9284      	BCF         LCD_EN, BitPos(LCD_EN+0) 
;__Lib_Lcd.c,159 :: 		
0x0208	0x8883      	BSF         LCD_D4, BitPos(LCD_D4+0) 
;__Lib_Lcd.c,160 :: 		
0x020A	0x8284      	BSF         LCD_EN, BitPos(LCD_EN+0) 
;__Lib_Lcd.c,161 :: 		
0x020C	0xDF17      	RCALL       _Delay_1us
;__Lib_Lcd.c,162 :: 		
0x020E	0x9284      	BCF         LCD_EN, BitPos(LCD_EN+0) 
;__Lib_Lcd.c,163 :: 		
0x0210	0xDF0A      	RCALL       _Delay_5500us
;__Lib_Lcd.c,166 :: 		
0x0212	0x9883      	BCF         LCD_D4, BitPos(LCD_D4+0) 
;__Lib_Lcd.c,167 :: 		
0x0214	0x8284      	BSF         LCD_EN, BitPos(LCD_EN+0) 
;__Lib_Lcd.c,168 :: 		
0x0216	0xDF12      	RCALL       _Delay_1us
;__Lib_Lcd.c,169 :: 		
0x0218	0x9284      	BCF         LCD_EN, BitPos(LCD_EN+0) 
;__Lib_Lcd.c,171 :: 		
0x021A	0x8E83      	BSF         LCD_D7, BitPos(LCD_D7+0) 
;__Lib_Lcd.c,172 :: 		
0x021C	0x8C83      	BSF         LCD_D6, BitPos(LCD_D6+0) 
;__Lib_Lcd.c,173 :: 		
0x021E	0x8A83      	BSF         LCD_D5, BitPos(LCD_D5+0) 
;__Lib_Lcd.c,174 :: 		
0x0220	0x8883      	BSF         LCD_D4, BitPos(LCD_D4+0) 
;__Lib_Lcd.c,175 :: 		
0x0222	0x8284      	BSF         LCD_EN, BitPos(LCD_EN+0) 
;__Lib_Lcd.c,176 :: 		
0x0224	0xDF0B      	RCALL       _Delay_1us
;__Lib_Lcd.c,177 :: 		
0x0226	0x9284      	BCF         LCD_EN, BitPos(LCD_EN+0) 
;__Lib_Lcd.c,179 :: 		
0x0228	0xDEFE      	RCALL       _Delay_5500us
;__Lib_Lcd.c,181 :: 		
0x022A	0x802A      	BSF         __Lib_Lcd_cmd_status, BitPos(__Lib_Lcd_cmd_status+0) 
;__Lib_Lcd.c,182 :: 		
L_end_Lcd_Init:
0x022C	0x0012      	RETURN      0
; end of _Lcd_Init
___CC2DW:
;__Lib_System.c,21 :: 		
;__Lib_System.c,23 :: 		
_CC2DL_Loop1:
;__Lib_System.c,24 :: 		
0x022E	0x0009      	TBLRD*+
;__Lib_System.c,25 :: 		
0x0230	0xFFE6CFF5  	MOVFF       TABLAT, POSTINC1
;__Lib_System.c,26 :: 		
0x0234	0x0600      	DECF        R0, 1, 0
;__Lib_System.c,27 :: 		
0x0236	0xE1FB      	BNZ         _CC2DL_Loop1
;__Lib_System.c,28 :: 		
0x0238	0x0601      	DECF        R1, 1, 0
;__Lib_System.c,29 :: 		
0x023A	0xE1F9      	BNZ         _CC2DL_Loop1
;__Lib_System.c,31 :: 		
L_end___CC2DW:
0x023C	0x0012      	RETURN      0
; end of ___CC2DW
_setPixel:
;ergasia7_asim.c,86 :: 		void setPixel(char r_,char g_,char b_) {
;ergasia7_asim.c,88 :: 		red=r_;
0x023E	0xF027C02F  	MOVFF       FARG_setPixel_r_, ergasia7_asim_red
;ergasia7_asim.c,89 :: 		grn=g_;
0x0242	0xF028C030  	MOVFF       FARG_setPixel_g_, ergasia7_asim_grn
;ergasia7_asim.c,90 :: 		blu=b_;
0x0246	0xF029C031  	MOVFF       FARG_setPixel_b_, ergasia7_asim_blu
;ergasia7_asim.c,91 :: 		if (pix==0) {    // even pixel
0x024A	0x5024      	MOVF        ergasia7_asim_pix, 0 
0x024C	0x0A00      	XORLW       0
0x024E	0xE115      	BNZ         L_setPixel16
;ergasia7_asim.c,92 :: 		s1=(red & 0xF0) | (grn>>4);
0x0250	0x0EF0      	MOVLW       240
0x0252	0x1427      	ANDWF       ergasia7_asim_red, 0 
0x0254	0x6E25      	MOVWF       ergasia7_asim_s1 
0x0256	0xF000C028  	MOVFF       ergasia7_asim_grn, R0
0x025A	0x3200      	RRCF        R0, 1 
0x025C	0x9E00      	BCF         R0, 7 
0x025E	0x3200      	RRCF        R0, 1 
0x0260	0x9E00      	BCF         R0, 7 
0x0262	0x3200      	RRCF        R0, 1 
0x0264	0x9E00      	BCF         R0, 7 
0x0266	0x3200      	RRCF        R0, 1 
0x0268	0x9E00      	BCF         R0, 7 
0x026A	0x5000      	MOVF        R0, 0 
0x026C	0x1225      	IORWF       ergasia7_asim_s1, 1 
;ergasia7_asim.c,93 :: 		s2=(blu & 0xF0);
0x026E	0x0EF0      	MOVLW       240
0x0270	0x1429      	ANDWF       ergasia7_asim_blu, 0 
0x0272	0x6E26      	MOVWF       ergasia7_asim_s2 
;ergasia7_asim.c,94 :: 		pix=1;
0x0274	0x0E01      	MOVLW       1
0x0276	0x6E24      	MOVWF       ergasia7_asim_pix 
;ergasia7_asim.c,95 :: 		} else {    //odd pixel
0x0278	0xD022      	BRA         L_setPixel17
L_setPixel16:
;ergasia7_asim.c,96 :: 		pix=0;
0x027A	0x6A24      	CLRF        ergasia7_asim_pix 
;ergasia7_asim.c,97 :: 		sendData(s1);
0x027C	0xF034C025  	MOVFF       ergasia7_asim_s1, FARG_sendData_datax
0x0280	0xDF7D      	RCALL       _sendData
;ergasia7_asim.c,98 :: 		sendData(s2|(red>>4));
0x0282	0xF000C027  	MOVFF       ergasia7_asim_red, R0
0x0286	0x3200      	RRCF        R0, 1 
0x0288	0x9E00      	BCF         R0, 7 
0x028A	0x3200      	RRCF        R0, 1 
0x028C	0x9E00      	BCF         R0, 7 
0x028E	0x3200      	RRCF        R0, 1 
0x0290	0x9E00      	BCF         R0, 7 
0x0292	0x3200      	RRCF        R0, 1 
0x0294	0x9E00      	BCF         R0, 7 
0x0296	0x5000      	MOVF        R0, 0 
0x0298	0x1026      	IORWF       ergasia7_asim_s2, 0 
0x029A	0x6E34      	MOVWF       FARG_sendData_datax 
0x029C	0xDF6F      	RCALL       _sendData
;ergasia7_asim.c,99 :: 		sendData((grn & 0xF0) | (blu>>4));
0x029E	0x0EF0      	MOVLW       240
0x02A0	0x1428      	ANDWF       ergasia7_asim_grn, 0 
0x02A2	0x6E34      	MOVWF       FARG_sendData_datax 
0x02A4	0xF000C029  	MOVFF       ergasia7_asim_blu, R0
0x02A8	0x3200      	RRCF        R0, 1 
0x02AA	0x9E00      	BCF         R0, 7 
0x02AC	0x3200      	RRCF        R0, 1 
0x02AE	0x9E00      	BCF         R0, 7 
0x02B0	0x3200      	RRCF        R0, 1 
0x02B2	0x9E00      	BCF         R0, 7 
0x02B4	0x3200      	RRCF        R0, 1 
0x02B6	0x9E00      	BCF         R0, 7 
0x02B8	0x5000      	MOVF        R0, 0 
0x02BA	0x1234      	IORWF       FARG_sendData_datax, 1 
0x02BC	0xDF5F      	RCALL       _sendData
;ergasia7_asim.c,100 :: 		}
L_setPixel17:
;ergasia7_asim.c,102 :: 		}
L_end_setPixel:
0x02BE	0x0012      	RETURN      0
; end of _setPixel
_Lcd_Out:
;__Lib_Lcd.c,184 :: 		
;__Lib_Lcd.c,187 :: 		
0x02C0	0xD00F      	BRA         L_Lcd_Out11
;__Lib_Lcd.c,188 :: 		
L_Lcd_Out13:
0x02C2	0x0E80      	MOVLW       128
0x02C4	0x6E2F      	MOVWF       FARG_Lcd_Out_row 
0x02C6	0xD019      	BRA         L_Lcd_Out12
;__Lib_Lcd.c,189 :: 		
L_Lcd_Out14:
0x02C8	0x0EC0      	MOVLW       192
0x02CA	0x6E2F      	MOVWF       FARG_Lcd_Out_row 
0x02CC	0xD016      	BRA         L_Lcd_Out12
;__Lib_Lcd.c,190 :: 		
L_Lcd_Out15:
0x02CE	0x0E94      	MOVLW       148
0x02D0	0x6E2F      	MOVWF       FARG_Lcd_Out_row 
0x02D2	0xD013      	BRA         L_Lcd_Out12
;__Lib_Lcd.c,191 :: 		
L_Lcd_Out16:
0x02D4	0x0ED4      	MOVLW       212
0x02D6	0x6E2F      	MOVWF       FARG_Lcd_Out_row 
0x02D8	0xD010      	BRA         L_Lcd_Out12
;__Lib_Lcd.c,192 :: 		
L_Lcd_Out17:
0x02DA	0x0E80      	MOVLW       128
0x02DC	0x6E2F      	MOVWF       FARG_Lcd_Out_row 
;__Lib_Lcd.c,193 :: 		
0x02DE	0xD00D      	BRA         L_Lcd_Out12
L_Lcd_Out11:
0x02E0	0x502F      	MOVF        FARG_Lcd_Out_row, 0 
0x02E2	0x0A01      	XORLW       1
0x02E4	0xE0EE      	BZ          L_Lcd_Out13
0x02E6	0x502F      	MOVF        FARG_Lcd_Out_row, 0 
0x02E8	0x0A02      	XORLW       2
0x02EA	0xE0EE      	BZ          L_Lcd_Out14
0x02EC	0x502F      	MOVF        FARG_Lcd_Out_row, 0 
0x02EE	0x0A03      	XORLW       3
0x02F0	0xE0EE      	BZ          L_Lcd_Out15
0x02F2	0x502F      	MOVF        FARG_Lcd_Out_row, 0 
0x02F4	0x0A04      	XORLW       4
0x02F6	0xE0EE      	BZ          L_Lcd_Out16
0x02F8	0xD7F0      	BRA         L_Lcd_Out17
L_Lcd_Out12:
;__Lib_Lcd.c,194 :: 		
0x02FA	0x0430      	DECF        FARG_Lcd_Out_column, 0 
0x02FC	0x6E00      	MOVWF       R0 
0x02FE	0x502F      	MOVF        FARG_Lcd_Out_row, 0 
0x0300	0x2600      	ADDWF       R0, 1 
0x0302	0xF02FC000  	MOVFF       R0, FARG_Lcd_Out_row
;__Lib_Lcd.c,196 :: 		
0x0306	0xF035C000  	MOVFF       R0, FARG_Lcd_Cmd_out_char
0x030A	0xDEF4      	RCALL       _Lcd_Cmd
;__Lib_Lcd.c,197 :: 		
0x030C	0x902A      	BCF         __Lib_Lcd_cmd_status, BitPos(__Lib_Lcd_cmd_status+0) 
;__Lib_Lcd.c,198 :: 		
0x030E	0x6A33      	CLRF        Lcd_Out_i_L0 
;__Lib_Lcd.c,199 :: 		
L_Lcd_Out18:
0x0310	0x5033      	MOVF        Lcd_Out_i_L0, 0 
0x0312	0x2431      	ADDWF       FARG_Lcd_Out_text, 0 
0x0314	0x6EE9      	MOVWF       FSR0L 
0x0316	0x0E00      	MOVLW       0
0x0318	0x2032      	ADDWFC      FARG_Lcd_Out_text+1, 0 
0x031A	0x6EEA      	MOVWF       FSR0L+1 
0x031C	0x52EE      	MOVF        POSTINC0, 1 
0x031E	0xE00B      	BZ          L_Lcd_Out19
;__Lib_Lcd.c,200 :: 		
0x0320	0x5033      	MOVF        Lcd_Out_i_L0, 0 
0x0322	0x2431      	ADDWF       FARG_Lcd_Out_text, 0 
0x0324	0x6EE9      	MOVWF       FSR0L 
0x0326	0x0E00      	MOVLW       0
0x0328	0x2032      	ADDWFC      FARG_Lcd_Out_text+1, 0 
0x032A	0x6EEA      	MOVWF       FSR0L+1 
0x032C	0xF034CFEE  	MOVFF       POSTINC0, FARG_Lcd_Chr_CP_out_char
0x0330	0xDF1F      	RCALL       _Lcd_Chr_CP
0x0332	0x2A33      	INCF        Lcd_Out_i_L0, 1 
0x0334	0xD7ED      	BRA         L_Lcd_Out18
L_Lcd_Out19:
;__Lib_Lcd.c,201 :: 		
0x0336	0x802A      	BSF         __Lib_Lcd_cmd_status, BitPos(__Lib_Lcd_cmd_status+0) 
;__Lib_Lcd.c,202 :: 		
L_end_Lcd_Out:
0x0338	0x0012      	RETURN      0
; end of _Lcd_Out
_read_keypad1:
;ergasia7_asim.c,105 :: 		char read_keypad1()
;ergasia7_asim.c,109 :: 		char TEMPB = PORTB;
0x033A	0xF003CF81  	MOVFF       PORTB, R3
;ergasia7_asim.c,110 :: 		char TEMPD = PORTD;
0x033E	0xF004CF83  	MOVFF       PORTD, R4
;ergasia7_asim.c,111 :: 		char TEMPTRISB = TRISB;
0x0342	0xF005CF93  	MOVFF       TRISB, R5
;ergasia7_asim.c,112 :: 		char TEMPTRISD = TRISD;
0x0346	0xF006CF95  	MOVFF       TRISD, R6
;ergasia7_asim.c,113 :: 		PORTB = 0xFF;
0x034A	0x0EFF      	MOVLW       255
0x034C	0x6E81      	MOVWF       PORTB 
;ergasia7_asim.c,114 :: 		TRISD = 0xFF; //configure port B as input
0x034E	0x0EFF      	MOVLW       255
0x0350	0x6E95      	MOVWF       TRISD 
;ergasia7_asim.c,115 :: 		TRISB = 0x00; //configure PORT D as outpout
0x0352	0x6A93      	CLRF        TRISB 
;ergasia7_asim.c,116 :: 		PORTD = 0xFF; //set all pins of PORT D to 1;
0x0354	0x0EFF      	MOVLW       255
0x0356	0x6E83      	MOVWF       PORTD 
;ergasia7_asim.c,117 :: 		key =0;
0x0358	0x6A02      	CLRF        R2 
;ergasia7_asim.c,118 :: 		do {
L_read_keypad118:
;ergasia7_asim.c,120 :: 		PORTB.F0 = 0;
0x035A	0x9081      	BCF         PORTB, 0 
;ergasia7_asim.c,121 :: 		delay_ms(10);
0x035C	0x0E1A      	MOVLW       26
0x035E	0x6E0C      	MOVWF       R12, 0
0x0360	0x0EF8      	MOVLW       248
0x0362	0x6E0D      	MOVWF       R13, 0
L_read_keypad121:
0x0364	0x2E0D      	DECFSZ      R13, 1, 0
0x0366	0xD7FE      	BRA         L_read_keypad121
0x0368	0x2E0C      	DECFSZ      R12, 1, 0
0x036A	0xD7FC      	BRA         L_read_keypad121
0x036C	0x0000      	NOP
;ergasia7_asim.c,122 :: 		var = PORTD;
0x036E	0xF001CF83  	MOVFF       PORTD, R1
;ergasia7_asim.c,123 :: 		if (var.F0 == 0) key = '<';
0x0372	0xB001      	BTFSC       R1, 0 
0x0374	0xD003      	BRA         L_read_keypad122
0x0376	0x0E3C      	MOVLW       60
0x0378	0x6E02      	MOVWF       R2 
0x037A	0xD00E      	BRA         L_read_keypad123
L_read_keypad122:
;ergasia7_asim.c,124 :: 		else if (var.F1 == 0) key = '7';
0x037C	0xB201      	BTFSC       R1, 1 
0x037E	0xD003      	BRA         L_read_keypad124
0x0380	0x0E37      	MOVLW       55
0x0382	0x6E02      	MOVWF       R2 
0x0384	0xD009      	BRA         L_read_keypad125
L_read_keypad124:
;ergasia7_asim.c,125 :: 		else if (var.F2 == 0) key = '4';
0x0386	0xB401      	BTFSC       R1, 2 
0x0388	0xD003      	BRA         L_read_keypad126
0x038A	0x0E34      	MOVLW       52
0x038C	0x6E02      	MOVWF       R2 
0x038E	0xD004      	BRA         L_read_keypad127
L_read_keypad126:
;ergasia7_asim.c,126 :: 		else if (var.F3 == 0) key = '1';
0x0390	0xB601      	BTFSC       R1, 3 
0x0392	0xD002      	BRA         L_read_keypad128
0x0394	0x0E31      	MOVLW       49
0x0396	0x6E02      	MOVWF       R2 
L_read_keypad128:
L_read_keypad127:
L_read_keypad125:
L_read_keypad123:
;ergasia7_asim.c,127 :: 		PORTB.F0 =1;
0x0398	0x8081      	BSF         PORTB, 0 
;ergasia7_asim.c,129 :: 		PORTB.F1 = 0;
0x039A	0x9281      	BCF         PORTB, 1 
;ergasia7_asim.c,130 :: 		delay_ms(10);
0x039C	0x0E1A      	MOVLW       26
0x039E	0x6E0C      	MOVWF       R12, 0
0x03A0	0x0EF8      	MOVLW       248
0x03A2	0x6E0D      	MOVWF       R13, 0
L_read_keypad129:
0x03A4	0x2E0D      	DECFSZ      R13, 1, 0
0x03A6	0xD7FE      	BRA         L_read_keypad129
0x03A8	0x2E0C      	DECFSZ      R12, 1, 0
0x03AA	0xD7FC      	BRA         L_read_keypad129
0x03AC	0x0000      	NOP
;ergasia7_asim.c,131 :: 		var = PORTD;
0x03AE	0xF001CF83  	MOVFF       PORTD, R1
;ergasia7_asim.c,132 :: 		if (var.F0 == 0) key = '0';
0x03B2	0xB001      	BTFSC       R1, 0 
0x03B4	0xD003      	BRA         L_read_keypad130
0x03B6	0x0E30      	MOVLW       48
0x03B8	0x6E02      	MOVWF       R2 
0x03BA	0xD00E      	BRA         L_read_keypad131
L_read_keypad130:
;ergasia7_asim.c,133 :: 		else if (var.F1 == 0) key = '8';
0x03BC	0xB201      	BTFSC       R1, 1 
0x03BE	0xD003      	BRA         L_read_keypad132
0x03C0	0x0E38      	MOVLW       56
0x03C2	0x6E02      	MOVWF       R2 
0x03C4	0xD009      	BRA         L_read_keypad133
L_read_keypad132:
;ergasia7_asim.c,134 :: 		else if (var.F2 == 0) key = '5';
0x03C6	0xB401      	BTFSC       R1, 2 
0x03C8	0xD003      	BRA         L_read_keypad134
0x03CA	0x0E35      	MOVLW       53
0x03CC	0x6E02      	MOVWF       R2 
0x03CE	0xD004      	BRA         L_read_keypad135
L_read_keypad134:
;ergasia7_asim.c,135 :: 		else if (var.F3 == 0) key = '2';
0x03D0	0xB601      	BTFSC       R1, 3 
0x03D2	0xD002      	BRA         L_read_keypad136
0x03D4	0x0E32      	MOVLW       50
0x03D6	0x6E02      	MOVWF       R2 
L_read_keypad136:
L_read_keypad135:
L_read_keypad133:
L_read_keypad131:
;ergasia7_asim.c,136 :: 		PORTB.F1 =1;
0x03D8	0x8281      	BSF         PORTB, 1 
;ergasia7_asim.c,138 :: 		PORTB.F2 =0;
0x03DA	0x9481      	BCF         PORTB, 2 
;ergasia7_asim.c,139 :: 		delay_ms(10);
0x03DC	0x0E1A      	MOVLW       26
0x03DE	0x6E0C      	MOVWF       R12, 0
0x03E0	0x0EF8      	MOVLW       248
0x03E2	0x6E0D      	MOVWF       R13, 0
L_read_keypad137:
0x03E4	0x2E0D      	DECFSZ      R13, 1, 0
0x03E6	0xD7FE      	BRA         L_read_keypad137
0x03E8	0x2E0C      	DECFSZ      R12, 1, 0
0x03EA	0xD7FC      	BRA         L_read_keypad137
0x03EC	0x0000      	NOP
;ergasia7_asim.c,140 :: 		var = PORTD;
0x03EE	0xF001CF83  	MOVFF       PORTD, R1
;ergasia7_asim.c,141 :: 		if (var.F0 == 0) key = '>';
0x03F2	0xB001      	BTFSC       R1, 0 
0x03F4	0xD003      	BRA         L_read_keypad138
0x03F6	0x0E3E      	MOVLW       62
0x03F8	0x6E02      	MOVWF       R2 
0x03FA	0xD00E      	BRA         L_read_keypad139
L_read_keypad138:
;ergasia7_asim.c,142 :: 		else if (var.F1 == 0) key = '9';
0x03FC	0xB201      	BTFSC       R1, 1 
0x03FE	0xD003      	BRA         L_read_keypad140
0x0400	0x0E39      	MOVLW       57
0x0402	0x6E02      	MOVWF       R2 
0x0404	0xD009      	BRA         L_read_keypad141
L_read_keypad140:
;ergasia7_asim.c,143 :: 		else if (var.F2 == 0) key = '6';
0x0406	0xB401      	BTFSC       R1, 2 
0x0408	0xD003      	BRA         L_read_keypad142
0x040A	0x0E36      	MOVLW       54
0x040C	0x6E02      	MOVWF       R2 
0x040E	0xD004      	BRA         L_read_keypad143
L_read_keypad142:
;ergasia7_asim.c,144 :: 		else if (var.F3 == 0) key = '3';
0x0410	0xB601      	BTFSC       R1, 3 
0x0412	0xD002      	BRA         L_read_keypad144
0x0414	0x0E33      	MOVLW       51
0x0416	0x6E02      	MOVWF       R2 
L_read_keypad144:
L_read_keypad143:
L_read_keypad141:
L_read_keypad139:
;ergasia7_asim.c,145 :: 		PORTB.F2 =1;
0x0418	0x8481      	BSF         PORTB, 2 
;ergasia7_asim.c,146 :: 		}while (key == 0);
0x041A	0x5002      	MOVF        R2, 0 
0x041C	0x0A00      	XORLW       0
0x041E	0xE09D      	BZ          L_read_keypad118
;ergasia7_asim.c,147 :: 		PORTB = TEMPB ;
0x0420	0xFF81C003  	MOVFF       R3, PORTB
;ergasia7_asim.c,148 :: 		PORTD = TEMPD;
0x0424	0xFF83C004  	MOVFF       R4, PORTD
;ergasia7_asim.c,150 :: 		TRISB = TEMPTRISB ;
0x0428	0xFF93C005  	MOVFF       R5, TRISB
;ergasia7_asim.c,151 :: 		TRISD = TEMPTRISD ;
0x042C	0xFF95C006  	MOVFF       R6, TRISD
;ergasia7_asim.c,152 :: 		return key; //return ASCII code of key pressed.
0x0430	0xF000C002  	MOVFF       R2, R0
;ergasia7_asim.c,153 :: 		}
L_end_read_keypad1:
0x0434	0x0012      	RETURN      0
; end of _read_keypad1
_main:
0x0436	0x0E31      	MOVLW       49
0x0438	0x6E15      	MOVWF       ?lstr1_ergasia7_asim 
0x043A	0x0E36      	MOVLW       54
0x043C	0x6E16      	MOVWF       22 
0x043E	0x0E39      	MOVLW       57
0x0440	0x6E17      	MOVWF       23 
0x0442	0x0E35      	MOVLW       53
0x0444	0x6E18      	MOVWF       24 
0x0446	0x6A19      	CLRF        25 
0x0448	0x0E31      	MOVLW       49
0x044A	0x6E1A      	MOVWF       ?lstr3_ergasia7_asim 
0x044C	0x0E36      	MOVLW       54
0x044E	0x6E1B      	MOVWF       27 
0x0450	0x0E39      	MOVLW       57
0x0452	0x6E1C      	MOVWF       28 
0x0454	0x0E35      	MOVLW       53
0x0456	0x6E1D      	MOVWF       29 
0x0458	0x6A1E      	CLRF        30 
0x045A	0x0E31      	MOVLW       49
0x045C	0x6E1F      	MOVWF       ?lstr2_ergasia7_asim 
0x045E	0x0E36      	MOVLW       54
0x0460	0x6E20      	MOVWF       32 
0x0462	0x0E39      	MOVLW       57
0x0464	0x6E21      	MOVWF       33 
0x0466	0x0E35      	MOVLW       53
0x0468	0x6E22      	MOVWF       34 
0x046A	0x6A23      	CLRF        35 
;ergasia7_asim.c,178 :: 		void main() {
;ergasia7_asim.c,183 :: 		unsigned keypressed='κ';
0x046C	0x0EEA      	MOVLW       234
0x046E	0x6E2D      	MOVWF       main_keypressed_L0 
0x0470	0x0E00      	MOVLW       0
0x0472	0x6E2E      	MOVWF       main_keypressed_L0+1 
;ergasia7_asim.c,189 :: 		Lcd_Init();
0x0474	0xDE91      	RCALL       _Lcd_Init
;ergasia7_asim.c,190 :: 		Lcd_Cmd(_LCD_CURSOR_OFF);
0x0476	0x0E0C      	MOVLW       12
0x0478	0x6E35      	MOVWF       FARG_Lcd_Cmd_out_char 
0x047A	0xDE3C      	RCALL       _Lcd_Cmd
;ergasia7_asim.c,192 :: 		PORTB = 0;
0x047C	0x6A81      	CLRF        PORTB 
;ergasia7_asim.c,193 :: 		TRISB = 0;
0x047E	0x6A93      	CLRF        TRISB 
;ergasia7_asim.c,195 :: 		CS0
0x0480	0x9A81      	BCF         PORTB, 5 
;ergasia7_asim.c,196 :: 		SDA0
0x0482	0x9C81      	BCF         PORTB, 6 
;ergasia7_asim.c,197 :: 		CLK1
0x0484	0x8E81      	BSF         PORTB, 7 
;ergasia7_asim.c,200 :: 		RESET1          //Send harware RESET signal
0x0486	0x8881      	BSF         PORTB, 4 
;ergasia7_asim.c,201 :: 		delay_ms(10);
0x0488	0x0E1A      	MOVLW       26
0x048A	0x6E0C      	MOVWF       R12, 0
0x048C	0x0EF8      	MOVLW       248
0x048E	0x6E0D      	MOVWF       R13, 0
L_main45:
0x0490	0x2E0D      	DECFSZ      R13, 1, 0
0x0492	0xD7FE      	BRA         L_main45
0x0494	0x2E0C      	DECFSZ      R12, 1, 0
0x0496	0xD7FC      	BRA         L_main45
0x0498	0x0000      	NOP
;ergasia7_asim.c,202 :: 		RESET0
0x049A	0x9881      	BCF         PORTB, 4 
;ergasia7_asim.c,203 :: 		delay_ms(10);
0x049C	0x0E1A      	MOVLW       26
0x049E	0x6E0C      	MOVWF       R12, 0
0x04A0	0x0EF8      	MOVLW       248
0x04A2	0x6E0D      	MOVWF       R13, 0
L_main46:
0x04A4	0x2E0D      	DECFSZ      R13, 1, 0
0x04A6	0xD7FE      	BRA         L_main46
0x04A8	0x2E0C      	DECFSZ      R12, 1, 0
0x04AA	0xD7FC      	BRA         L_main46
0x04AC	0x0000      	NOP
;ergasia7_asim.c,204 :: 		RESET1
0x04AE	0x8881      	BSF         PORTB, 4 
;ergasia7_asim.c,206 :: 		CLK1
0x04B0	0x8E81      	BSF         PORTB, 7 
;ergasia7_asim.c,207 :: 		SDA1
0x04B2	0x8C81      	BSF         PORTB, 6 
;ergasia7_asim.c,208 :: 		CLK1
0x04B4	0x8E81      	BSF         PORTB, 7 
;ergasia7_asim.c,210 :: 		delay_ms(10);
0x04B6	0x0E1A      	MOVLW       26
0x04B8	0x6E0C      	MOVWF       R12, 0
0x04BA	0x0EF8      	MOVLW       248
0x04BC	0x6E0D      	MOVWF       R13, 0
L_main47:
0x04BE	0x2E0D      	DECFSZ      R13, 1, 0
0x04C0	0xD7FE      	BRA         L_main47
0x04C2	0x2E0C      	DECFSZ      R12, 1, 0
0x04C4	0xD7FC      	BRA         L_main47
0x04C6	0x0000      	NOP
;ergasia7_asim.c,213 :: 		sendCMD(0x01);
0x04C8	0x0E01      	MOVLW       1
0x04CA	0x6E2F      	MOVWF       FARG_sendCMD_datax 
0x04CC	0xDE5E      	RCALL       _sendCMD
;ergasia7_asim.c,216 :: 		sendCMD(0x11);
0x04CE	0x0E11      	MOVLW       17
0x04D0	0x6E2F      	MOVWF       FARG_sendCMD_datax 
0x04D2	0xDE5B      	RCALL       _sendCMD
;ergasia7_asim.c,219 :: 		sendCMD(0x03);
0x04D4	0x0E03      	MOVLW       3
0x04D6	0x6E2F      	MOVWF       FARG_sendCMD_datax 
0x04D8	0xDE58      	RCALL       _sendCMD
;ergasia7_asim.c,221 :: 		delay_ms(10);
0x04DA	0x0E1A      	MOVLW       26
0x04DC	0x6E0C      	MOVWF       R12, 0
0x04DE	0x0EF8      	MOVLW       248
0x04E0	0x6E0D      	MOVWF       R13, 0
L_main48:
0x04E2	0x2E0D      	DECFSZ      R13, 1, 0
0x04E4	0xD7FE      	BRA         L_main48
0x04E6	0x2E0C      	DECFSZ      R12, 1, 0
0x04E8	0xD7FC      	BRA         L_main48
0x04EA	0x0000      	NOP
;ergasia7_asim.c,224 :: 		sendCMD(0x29);
0x04EC	0x0E29      	MOVLW       41
0x04EE	0x6E2F      	MOVWF       FARG_sendCMD_datax 
0x04F0	0xDE4C      	RCALL       _sendCMD
;ergasia7_asim.c,227 :: 		sendCMD(0x13);
0x04F2	0x0E13      	MOVLW       19
0x04F4	0x6E2F      	MOVWF       FARG_sendCMD_datax 
0x04F6	0xDE49      	RCALL       _sendCMD
;ergasia7_asim.c,230 :: 		sendCMD(0x20);
0x04F8	0x0E20      	MOVLW       32
0x04FA	0x6E2F      	MOVWF       FARG_sendCMD_datax 
0x04FC	0xDE46      	RCALL       _sendCMD
;ergasia7_asim.c,233 :: 		sendCMD(0xBA);
0x04FE	0x0EBA      	MOVLW       186
0x0500	0x6E2F      	MOVWF       FARG_sendCMD_datax 
0x0502	0xDE43      	RCALL       _sendCMD
;ergasia7_asim.c,236 :: 		sendCMD(0x3A);
0x0504	0x0E3A      	MOVLW       58
0x0506	0x6E2F      	MOVWF       FARG_sendCMD_datax 
0x0508	0xDE40      	RCALL       _sendCMD
;ergasia7_asim.c,237 :: 		sendData(3);   //12-Bit per Pixel (default)
0x050A	0x0E03      	MOVLW       3
0x050C	0x6E34      	MOVWF       FARG_sendData_datax 
0x050E	0xDE36      	RCALL       _sendData
;ergasia7_asim.c,240 :: 		sendCMD(0x25);
0x0510	0x0E25      	MOVLW       37
0x0512	0x6E2F      	MOVWF       FARG_sendCMD_datax 
0x0514	0xDE3A      	RCALL       _sendCMD
;ergasia7_asim.c,241 :: 		sendData(127);
0x0516	0x0E7F      	MOVLW       127
0x0518	0x6E34      	MOVWF       FARG_sendData_datax 
0x051A	0xDE30      	RCALL       _sendData
;ergasia7_asim.c,244 :: 		sendCMD(0x2A);
0x051C	0x0E2A      	MOVLW       42
0x051E	0x6E2F      	MOVWF       FARG_sendCMD_datax 
0x0520	0xDE34      	RCALL       _sendCMD
;ergasia7_asim.c,245 :: 		sendData(51);
0x0522	0x0E33      	MOVLW       51
0x0524	0x6E34      	MOVWF       FARG_sendData_datax 
0x0526	0xDE2A      	RCALL       _sendData
;ergasia7_asim.c,246 :: 		sendData(81);
0x0528	0x0E51      	MOVLW       81
0x052A	0x6E34      	MOVWF       FARG_sendData_datax 
0x052C	0xDE27      	RCALL       _sendData
;ergasia7_asim.c,249 :: 		sendCMD(0x2B);
0x052E	0x0E2B      	MOVLW       43
0x0530	0x6E2F      	MOVWF       FARG_sendCMD_datax 
0x0532	0xDE2B      	RCALL       _sendCMD
;ergasia7_asim.c,250 :: 		sendData(46);
0x0534	0x0E2E      	MOVLW       46
0x0536	0x6E34      	MOVWF       FARG_sendData_datax 
0x0538	0xDE21      	RCALL       _sendData
;ergasia7_asim.c,251 :: 		sendData(86);
0x053A	0x0E56      	MOVLW       86
0x053C	0x6E34      	MOVWF       FARG_sendData_datax 
0x053E	0xDE1E      	RCALL       _sendData
;ergasia7_asim.c,254 :: 		sendCMD(0x2C);
0x0540	0x0E2C      	MOVLW       44
0x0542	0x6E2F      	MOVWF       FARG_sendCMD_datax 
0x0544	0xDE22      	RCALL       _sendCMD
;ergasia7_asim.c,260 :: 		do{
L_main49:
;ergasia7_asim.c,261 :: 		keypressed=read_keypad1();
0x0546	0xDEF9      	RCALL       _read_keypad1
0x0548	0xF02DC000  	MOVFF       R0, main_keypressed_L0
0x054C	0x0E00      	MOVLW       0
0x054E	0x6E2E      	MOVWF       main_keypressed_L0+1 
;ergasia7_asim.c,264 :: 		if(keypressed=='1'){
0x0550	0x0E00      	MOVLW       0
0x0552	0x182E      	XORWF       main_keypressed_L0+1, 0 
0x0554	0xE102      	BNZ         L__main85
0x0556	0x0E31      	MOVLW       49
0x0558	0x182D      	XORWF       main_keypressed_L0, 0 
L__main85:
0x055A	0xE149      	BNZ         L_main52
;ergasia7_asim.c,265 :: 		LCD_Out(1,1,"1695");
0x055C	0x0E01      	MOVLW       1
0x055E	0x6E2F      	MOVWF       FARG_Lcd_Out_row 
0x0560	0x0E01      	MOVLW       1
0x0562	0x6E30      	MOVWF       FARG_Lcd_Out_column 
0x0564	0x0E1F      	MOVLW       ?lstr2_ergasia7_asim
0x0566	0x6E31      	MOVWF       FARG_Lcd_Out_text 
0x0568	0x0E00      	MOVLW       hi_addr(?lstr2_ergasia7_asim)
0x056A	0x6E32      	MOVWF       FARG_Lcd_Out_text+1 
0x056C	0xDEA9      	RCALL       _Lcd_Out
;ergasia7_asim.c,267 :: 		do {
L_main53:
;ergasia7_asim.c,269 :: 		for (i=0;i<30*40;i++) {
0x056E	0x6A2B      	CLRF        main_i_L0 
0x0570	0x6A2C      	CLRF        main_i_L0+1 
L_main56:
0x0572	0x0E04      	MOVLW       4
0x0574	0x5C2C      	SUBWF       main_i_L0+1, 0 
0x0576	0xE102      	BNZ         L__main86
0x0578	0x0EB0      	MOVLW       176
0x057A	0x5C2B      	SUBWF       main_i_L0, 0 
L__main86:
0x057C	0xE209      	BC          L_main57
;ergasia7_asim.c,270 :: 		setPixel(255,255,0);
0x057E	0x0EFF      	MOVLW       255
0x0580	0x6E2F      	MOVWF       FARG_setPixel_r_ 
0x0582	0x0EFF      	MOVLW       255
0x0584	0x6E30      	MOVWF       FARG_setPixel_g_ 
0x0586	0x6A31      	CLRF        FARG_setPixel_b_ 
0x0588	0xDE5A      	RCALL       _setPixel
;ergasia7_asim.c,269 :: 		for (i=0;i<30*40;i++) {
0x058A	0x4A2B      	INFSNZ      main_i_L0, 1 
0x058C	0x2A2C      	INCF        main_i_L0+1, 1 
;ergasia7_asim.c,271 :: 		}
0x058E	0xD7F1      	BRA         L_main56
L_main57:
;ergasia7_asim.c,272 :: 		delay_ms(1000);
0x0590	0x0E0B      	MOVLW       11
0x0592	0x6E0B      	MOVWF       R11, 0
0x0594	0x0E26      	MOVLW       38
0x0596	0x6E0C      	MOVWF       R12, 0
0x0598	0x0E5D      	MOVLW       93
0x059A	0x6E0D      	MOVWF       R13, 0
L_main59:
0x059C	0x2E0D      	DECFSZ      R13, 1, 0
0x059E	0xD7FE      	BRA         L_main59
0x05A0	0x2E0C      	DECFSZ      R12, 1, 0
0x05A2	0xD7FC      	BRA         L_main59
0x05A4	0x2E0B      	DECFSZ      R11, 1, 0
0x05A6	0xD7FA      	BRA         L_main59
0x05A8	0x0000      	NOP
0x05AA	0x0000      	NOP
;ergasia7_asim.c,274 :: 		for (i=0;i<30*40;i++) {
0x05AC	0x6A2B      	CLRF        main_i_L0 
0x05AE	0x6A2C      	CLRF        main_i_L0+1 
L_main60:
0x05B0	0x0E04      	MOVLW       4
0x05B2	0x5C2C      	SUBWF       main_i_L0+1, 0 
0x05B4	0xE102      	BNZ         L__main87
0x05B6	0x0EB0      	MOVLW       176
0x05B8	0x5C2B      	SUBWF       main_i_L0, 0 
L__main87:
0x05BA	0xE20A      	BC          L_main61
;ergasia7_asim.c,275 :: 		setPixel(255,255,255);
0x05BC	0x0EFF      	MOVLW       255
0x05BE	0x6E2F      	MOVWF       FARG_setPixel_r_ 
0x05C0	0x0EFF      	MOVLW       255
0x05C2	0x6E30      	MOVWF       FARG_setPixel_g_ 
0x05C4	0x0EFF      	MOVLW       255
0x05C6	0x6E31      	MOVWF       FARG_setPixel_b_ 
0x05C8	0xDE3A      	RCALL       _setPixel
;ergasia7_asim.c,274 :: 		for (i=0;i<30*40;i++) {
0x05CA	0x4A2B      	INFSNZ      main_i_L0, 1 
0x05CC	0x2A2C      	INCF        main_i_L0+1, 1 
;ergasia7_asim.c,276 :: 		}
0x05CE	0xD7F0      	BRA         L_main60
L_main61:
;ergasia7_asim.c,277 :: 		delay_ms(1000);
0x05D0	0x0E0B      	MOVLW       11
0x05D2	0x6E0B      	MOVWF       R11, 0
0x05D4	0x0E26      	MOVLW       38
0x05D6	0x6E0C      	MOVWF       R12, 0
0x05D8	0x0E5D      	MOVLW       93
0x05DA	0x6E0D      	MOVWF       R13, 0
L_main63:
0x05DC	0x2E0D      	DECFSZ      R13, 1, 0
0x05DE	0xD7FE      	BRA         L_main63
0x05E0	0x2E0C      	DECFSZ      R12, 1, 0
0x05E2	0xD7FC      	BRA         L_main63
0x05E4	0x2E0B      	DECFSZ      R11, 1, 0
0x05E6	0xD7FA      	BRA         L_main63
0x05E8	0x0000      	NOP
0x05EA	0x0000      	NOP
;ergasia7_asim.c,278 :: 		}while(1);
0x05EC	0xD7C0      	BRA         L_main53
;ergasia7_asim.c,279 :: 		}
L_main52:
;ergasia7_asim.c,282 :: 		if (keypressed=='0'||keypressed=='1'||keypressed=='2'||keypressed=='3'||keypressed=='4'||keypressed=='5'||keypressed=='6'||keypressed=='7'||keypressed=='8'||keypressed=='9'||keypressed=='#'||keypressed=='*'){
0x05EE	0x0E00      	MOVLW       0
0x05F0	0x182E      	XORWF       main_keypressed_L0+1, 0 
0x05F2	0xE102      	BNZ         L__main88
0x05F4	0x0E30      	MOVLW       48
0x05F6	0x182D      	XORWF       main_keypressed_L0, 0 
L__main88:
0x05F8	0xE043      	BZ          L__main78
0x05FA	0x0E00      	MOVLW       0
0x05FC	0x182E      	XORWF       main_keypressed_L0+1, 0 
0x05FE	0xE102      	BNZ         L__main89
0x0600	0x0E31      	MOVLW       49
0x0602	0x182D      	XORWF       main_keypressed_L0, 0 
L__main89:
0x0604	0xE03D      	BZ          L__main78
0x0606	0x0E00      	MOVLW       0
0x0608	0x182E      	XORWF       main_keypressed_L0+1, 0 
0x060A	0xE102      	BNZ         L__main90
0x060C	0x0E32      	MOVLW       50
0x060E	0x182D      	XORWF       main_keypressed_L0, 0 
L__main90:
0x0610	0xE037      	BZ          L__main78
0x0612	0x0E00      	MOVLW       0
0x0614	0x182E      	XORWF       main_keypressed_L0+1, 0 
0x0616	0xE102      	BNZ         L__main91
0x0618	0x0E33      	MOVLW       51
0x061A	0x182D      	XORWF       main_keypressed_L0, 0 
L__main91:
0x061C	0xE031      	BZ          L__main78
0x061E	0x0E00      	MOVLW       0
0x0620	0x182E      	XORWF       main_keypressed_L0+1, 0 
0x0622	0xE102      	BNZ         L__main92
0x0624	0x0E34      	MOVLW       52
0x0626	0x182D      	XORWF       main_keypressed_L0, 0 
L__main92:
0x0628	0xE02B      	BZ          L__main78
0x062A	0x0E00      	MOVLW       0
0x062C	0x182E      	XORWF       main_keypressed_L0+1, 0 
0x062E	0xE102      	BNZ         L__main93
0x0630	0x0E35      	MOVLW       53
0x0632	0x182D      	XORWF       main_keypressed_L0, 0 
L__main93:
0x0634	0xE025      	BZ          L__main78
0x0636	0x0E00      	MOVLW       0
0x0638	0x182E      	XORWF       main_keypressed_L0+1, 0 
0x063A	0xE102      	BNZ         L__main94
0x063C	0x0E36      	MOVLW       54
0x063E	0x182D      	XORWF       main_keypressed_L0, 0 
L__main94:
0x0640	0xE01F      	BZ          L__main78
0x0642	0x0E00      	MOVLW       0
0x0644	0x182E      	XORWF       main_keypressed_L0+1, 0 
0x0646	0xE102      	BNZ         L__main95
0x0648	0x0E37      	MOVLW       55
0x064A	0x182D      	XORWF       main_keypressed_L0, 0 
L__main95:
0x064C	0xE019      	BZ          L__main78
0x064E	0x0E00      	MOVLW       0
0x0650	0x182E      	XORWF       main_keypressed_L0+1, 0 
0x0652	0xE102      	BNZ         L__main96
0x0654	0x0E38      	MOVLW       56
0x0656	0x182D      	XORWF       main_keypressed_L0, 0 
L__main96:
0x0658	0xE013      	BZ          L__main78
0x065A	0x0E00      	MOVLW       0
0x065C	0x182E      	XORWF       main_keypressed_L0+1, 0 
0x065E	0xE102      	BNZ         L__main97
0x0660	0x0E39      	MOVLW       57
0x0662	0x182D      	XORWF       main_keypressed_L0, 0 
L__main97:
0x0664	0xE00D      	BZ          L__main78
0x0666	0x0E00      	MOVLW       0
0x0668	0x182E      	XORWF       main_keypressed_L0+1, 0 
0x066A	0xE102      	BNZ         L__main98
0x066C	0x0E23      	MOVLW       35
0x066E	0x182D      	XORWF       main_keypressed_L0, 0 
L__main98:
0x0670	0xE007      	BZ          L__main78
0x0672	0x0E00      	MOVLW       0
0x0674	0x182E      	XORWF       main_keypressed_L0+1, 0 
0x0676	0xE102      	BNZ         L__main99
0x0678	0x0E2A      	MOVLW       42
0x067A	0x182D      	XORWF       main_keypressed_L0, 0 
L__main99:
0x067C	0xE001      	BZ          L__main78
0x067E	0xD089      	BRA         L_main66
L__main78:
;ergasia7_asim.c,283 :: 		LCD_Out(1,1,"1695");
0x0680	0x0E01      	MOVLW       1
0x0682	0x6E2F      	MOVWF       FARG_Lcd_Out_row 
0x0684	0x0E01      	MOVLW       1
0x0686	0x6E30      	MOVWF       FARG_Lcd_Out_column 
0x0688	0x0E1A      	MOVLW       ?lstr3_ergasia7_asim
0x068A	0x6E31      	MOVWF       FARG_Lcd_Out_text 
0x068C	0x0E00      	MOVLW       hi_addr(?lstr3_ergasia7_asim)
0x068E	0x6E32      	MOVWF       FARG_Lcd_Out_text+1 
0x0690	0xDE17      	RCALL       _Lcd_Out
;ergasia7_asim.c,284 :: 		RESET1          //Send harware RESET signal
0x0692	0x8881      	BSF         PORTB, 4 
;ergasia7_asim.c,285 :: 		delay_ms(10);
0x0694	0x0E1A      	MOVLW       26
0x0696	0x6E0C      	MOVWF       R12, 0
0x0698	0x0EF8      	MOVLW       248
0x069A	0x6E0D      	MOVWF       R13, 0
L_main67:
0x069C	0x2E0D      	DECFSZ      R13, 1, 0
0x069E	0xD7FE      	BRA         L_main67
0x06A0	0x2E0C      	DECFSZ      R12, 1, 0
0x06A2	0xD7FC      	BRA         L_main67
0x06A4	0x0000      	NOP
;ergasia7_asim.c,286 :: 		RESET0
0x06A6	0x9881      	BCF         PORTB, 4 
;ergasia7_asim.c,287 :: 		delay_ms(10);
0x06A8	0x0E1A      	MOVLW       26
0x06AA	0x6E0C      	MOVWF       R12, 0
0x06AC	0x0EF8      	MOVLW       248
0x06AE	0x6E0D      	MOVWF       R13, 0
L_main68:
0x06B0	0x2E0D      	DECFSZ      R13, 1, 0
0x06B2	0xD7FE      	BRA         L_main68
0x06B4	0x2E0C      	DECFSZ      R12, 1, 0
0x06B6	0xD7FC      	BRA         L_main68
0x06B8	0x0000      	NOP
;ergasia7_asim.c,288 :: 		RESET1
0x06BA	0x8881      	BSF         PORTB, 4 
;ergasia7_asim.c,290 :: 		CLK1
0x06BC	0x8E81      	BSF         PORTB, 7 
;ergasia7_asim.c,291 :: 		SDA1
0x06BE	0x8C81      	BSF         PORTB, 6 
;ergasia7_asim.c,292 :: 		CLK1
0x06C0	0x8E81      	BSF         PORTB, 7 
;ergasia7_asim.c,294 :: 		delay_ms(10);
0x06C2	0x0E1A      	MOVLW       26
0x06C4	0x6E0C      	MOVWF       R12, 0
0x06C6	0x0EF8      	MOVLW       248
0x06C8	0x6E0D      	MOVWF       R13, 0
L_main69:
0x06CA	0x2E0D      	DECFSZ      R13, 1, 0
0x06CC	0xD7FE      	BRA         L_main69
0x06CE	0x2E0C      	DECFSZ      R12, 1, 0
0x06D0	0xD7FC      	BRA         L_main69
0x06D2	0x0000      	NOP
;ergasia7_asim.c,297 :: 		sendCMD(0x01);
0x06D4	0x0E01      	MOVLW       1
0x06D6	0x6E2F      	MOVWF       FARG_sendCMD_datax 
0x06D8	0xDD58      	RCALL       _sendCMD
;ergasia7_asim.c,300 :: 		sendCMD(0x11);
0x06DA	0x0E11      	MOVLW       17
0x06DC	0x6E2F      	MOVWF       FARG_sendCMD_datax 
0x06DE	0xDD55      	RCALL       _sendCMD
;ergasia7_asim.c,303 :: 		sendCMD(0x03);
0x06E0	0x0E03      	MOVLW       3
0x06E2	0x6E2F      	MOVWF       FARG_sendCMD_datax 
0x06E4	0xDD52      	RCALL       _sendCMD
;ergasia7_asim.c,305 :: 		delay_ms(10);
0x06E6	0x0E1A      	MOVLW       26
0x06E8	0x6E0C      	MOVWF       R12, 0
0x06EA	0x0EF8      	MOVLW       248
0x06EC	0x6E0D      	MOVWF       R13, 0
L_main70:
0x06EE	0x2E0D      	DECFSZ      R13, 1, 0
0x06F0	0xD7FE      	BRA         L_main70
0x06F2	0x2E0C      	DECFSZ      R12, 1, 0
0x06F4	0xD7FC      	BRA         L_main70
0x06F6	0x0000      	NOP
;ergasia7_asim.c,308 :: 		sendCMD(0x29);
0x06F8	0x0E29      	MOVLW       41
0x06FA	0x6E2F      	MOVWF       FARG_sendCMD_datax 
0x06FC	0xDD46      	RCALL       _sendCMD
;ergasia7_asim.c,311 :: 		sendCMD(0x13);
0x06FE	0x0E13      	MOVLW       19
0x0700	0x6E2F      	MOVWF       FARG_sendCMD_datax 
0x0702	0xDD43      	RCALL       _sendCMD
;ergasia7_asim.c,314 :: 		sendCMD(0x20);
0x0704	0x0E20      	MOVLW       32
0x0706	0x6E2F      	MOVWF       FARG_sendCMD_datax 
0x0708	0xDD40      	RCALL       _sendCMD
;ergasia7_asim.c,317 :: 		sendCMD(0xBA);
0x070A	0x0EBA      	MOVLW       186
0x070C	0x6E2F      	MOVWF       FARG_sendCMD_datax 
0x070E	0xDD3D      	RCALL       _sendCMD
;ergasia7_asim.c,320 :: 		sendCMD(0x3A);
0x0710	0x0E3A      	MOVLW       58
0x0712	0x6E2F      	MOVWF       FARG_sendCMD_datax 
0x0714	0xDD3A      	RCALL       _sendCMD
;ergasia7_asim.c,321 :: 		sendData(3);   //12-Bit per Pixel (default)
0x0716	0x0E03      	MOVLW       3
0x0718	0x6E34      	MOVWF       FARG_sendData_datax 
0x071A	0xDD30      	RCALL       _sendData
;ergasia7_asim.c,324 :: 		sendCMD(0x25);
0x071C	0x0E25      	MOVLW       37
0x071E	0x6E2F      	MOVWF       FARG_sendCMD_datax 
0x0720	0xDD34      	RCALL       _sendCMD
;ergasia7_asim.c,325 :: 		sendData(127);
0x0722	0x0E7F      	MOVLW       127
0x0724	0x6E34      	MOVWF       FARG_sendData_datax 
0x0726	0xDD2A      	RCALL       _sendData
;ergasia7_asim.c,328 :: 		sendCMD(0x2A);
0x0728	0x0E2A      	MOVLW       42
0x072A	0x6E2F      	MOVWF       FARG_sendCMD_datax 
0x072C	0xDD2E      	RCALL       _sendCMD
;ergasia7_asim.c,329 :: 		sendData(52);
0x072E	0x0E34      	MOVLW       52
0x0730	0x6E34      	MOVWF       FARG_sendData_datax 
0x0732	0xDD24      	RCALL       _sendData
;ergasia7_asim.c,330 :: 		sendData(131);
0x0734	0x0E83      	MOVLW       131
0x0736	0x6E34      	MOVWF       FARG_sendData_datax 
0x0738	0xDD21      	RCALL       _sendData
;ergasia7_asim.c,333 :: 		sendCMD(0x2B);
0x073A	0x0E2B      	MOVLW       43
0x073C	0x6E2F      	MOVWF       FARG_sendCMD_datax 
0x073E	0xDD25      	RCALL       _sendCMD
;ergasia7_asim.c,334 :: 		sendData(0);
0x0740	0x6A34      	CLRF        FARG_sendData_datax 
0x0742	0xDD1C      	RCALL       _sendData
;ergasia7_asim.c,335 :: 		sendData(79);
0x0744	0x0E4F      	MOVLW       79
0x0746	0x6E34      	MOVWF       FARG_sendData_datax 
0x0748	0xDD19      	RCALL       _sendData
;ergasia7_asim.c,338 :: 		sendCMD(0x2C);
0x074A	0x0E2C      	MOVLW       44
0x074C	0x6E2F      	MOVWF       FARG_sendCMD_datax 
0x074E	0xDD1D      	RCALL       _sendCMD
;ergasia7_asim.c,341 :: 		do {
L_main71:
;ergasia7_asim.c,343 :: 		for (i=0;i<80*80;i++) {
0x0750	0x6A2B      	CLRF        main_i_L0 
0x0752	0x6A2C      	CLRF        main_i_L0+1 
L_main74:
0x0754	0x0E19      	MOVLW       25
0x0756	0x5C2C      	SUBWF       main_i_L0+1, 0 
0x0758	0xE102      	BNZ         L__main100
0x075A	0x0E00      	MOVLW       0
0x075C	0x5C2B      	SUBWF       main_i_L0, 0 
L__main100:
0x075E	0xE20A      	BC          L_main75
;ergasia7_asim.c,344 :: 		setPixel(100,100,100);
0x0760	0x0E64      	MOVLW       100
0x0762	0x6E2F      	MOVWF       FARG_setPixel_r_ 
0x0764	0x0E64      	MOVLW       100
0x0766	0x6E30      	MOVWF       FARG_setPixel_g_ 
0x0768	0x0E64      	MOVLW       100
0x076A	0x6E31      	MOVWF       FARG_setPixel_b_ 
0x076C	0xDD68      	RCALL       _setPixel
;ergasia7_asim.c,343 :: 		for (i=0;i<80*80;i++) {
0x076E	0x4A2B      	INFSNZ      main_i_L0, 1 
0x0770	0x2A2C      	INCF        main_i_L0+1, 1 
;ergasia7_asim.c,345 :: 		}
0x0772	0xD7F0      	BRA         L_main74
L_main75:
;ergasia7_asim.c,346 :: 		delay_ms(1000);
0x0774	0x0E0B      	MOVLW       11
0x0776	0x6E0B      	MOVWF       R11, 0
0x0778	0x0E26      	MOVLW       38
0x077A	0x6E0C      	MOVWF       R12, 0
0x077C	0x0E5D      	MOVLW       93
0x077E	0x6E0D      	MOVWF       R13, 0
L_main77:
0x0780	0x2E0D      	DECFSZ      R13, 1, 0
0x0782	0xD7FE      	BRA         L_main77
0x0784	0x2E0C      	DECFSZ      R12, 1, 0
0x0786	0xD7FC      	BRA         L_main77
0x0788	0x2E0B      	DECFSZ      R11, 1, 0
0x078A	0xD7FA      	BRA         L_main77
0x078C	0x0000      	NOP
0x078E	0x0000      	NOP
;ergasia7_asim.c,348 :: 		}while(1);
0x0790	0xD7DF      	BRA         L_main71
;ergasia7_asim.c,351 :: 		}
L_main66:
;ergasia7_asim.c,353 :: 		keypressed='κ';
0x0792	0x0EEA      	MOVLW       234
0x0794	0x6E2D      	MOVWF       main_keypressed_L0 
0x0796	0x0E00      	MOVLW       0
0x0798	0x6E2E      	MOVWF       main_keypressed_L0+1 
;ergasia7_asim.c,354 :: 		}while(1);
0x079A	0xD6D5      	BRA         L_main49
;ergasia7_asim.c,357 :: 		}
L_end_main:
0x079C	0xD7FF      	BRA         $+0
; end of _main
Symbol List:
//** Routines locations **
//ADDRESS    SIZE    PROCEDURE
//----------------------------------------------
0x001C      [10]    _Delay_50us
0x0026      [22]    _Delay_5500us
0x003C       [6]    _Delay_1us
0x0042     [178]    _shiftBits
0x00F4     [124]    _Lcd_Cmd
0x0170      [12]    _Lcd_Chr_CP
0x017C      [14]    _sendData
0x018A      [14]    _sendCMD
0x0198     [150]    _Lcd_Init
0x022E      [16]    ___CC2DW
0x023E     [130]    _setPixel
0x02C0     [122]    _Lcd_Out
0x033A     [252]    _read_keypad1
0x0436     [872]    _main
//** Variables locations ** 
//ADDRESS    SIZE    VARIABLE
//----------------------------------------------
0x0000       [1]    R0
0x0000       [1]    UART1_Init_tmp_L0
0x0000       [1]    __Lib_SoftI2C_PutZerosToLATScl_temp_scl_L0
0x0000       [1]    __Lib_SoftI2C_PutZerosToLATSda_temp_sda_L0
0x0001       [1]    R1
0x0001       [1]    read_keypad1_var_L0
0x0001       [1]    UART1_Read___tmp_UART1_Read_L0
0x0001       [1]    __Lib_Conversions_Adjust_Hex_tmp_L0
0x0002       [2]    memset_pp_L0
0x0002       [1]    read_keypad1_key_L0
0x0002       [1]    R2
0x0002       [2]    strlen_cp_L0
0x0002       [2]    memchr_s_L0
0x0002       [2]    memcpy_dd_L0
0x0003       [2]    Ltrim_original_L0
0x0003       [2]    memmove_tt_L0
0x0003       [1]    read_keypad1_TEMPB_L0
0x0003       [1]    R3
0x0004       [2]    strncpy_cp_L0
0x0004       [2]    strncat_cp_L0
0x0004       [2]    strcpy_cp_L0
0x0004       [2]    strcat_cp_L0
0x0004       [2]    memcpy_ss_L0
0x0004       [1]    R4
0x0004       [1]    read_keypad1_TEMPD_L0
0x0005       [2]    Ltrim_p_L0
0x0005       [1]    R5
0x0005       [1]    read_keypad1_TEMPTRISB_L0
0x0005       [2]    LongIntToHex_input_half_L0
0x0005       [2]    memmove_ff_L0
0x0005       [2]    LongWordToHex_input_half_L0
0x0006       [1]    read_keypad1_TEMPTRISD_L0
0x0006       [1]    R6
0x0007       [1]    R7
0x0008       [1]    R8
0x0009       [1]    R9
0x000A       [1]    R10
0x000B       [1]    R11
0x000C       [1]    R12
0x000D       [1]    R13
0x000E       [1]    R14
0x000F       [1]    R15
0x0010       [1]    R16
0x0011       [1]    R17
0x0012       [1]    R18
0x0013       [1]    R19
0x0014       [1]    R20
0x0015       [5]    ?lstr1_ergasia7_asim
0x001A       [5]    ?lstr3_ergasia7_asim
0x001F       [5]    ?lstr2_ergasia7_asim
0x0024       [1]    ergasia7_asim_pix
0x0025       [1]    ergasia7_asim_s1
0x0026       [1]    ergasia7_asim_s2
0x0027       [1]    ergasia7_asim_red
0x0028       [1]    ergasia7_asim_grn
0x0029       [1]    ergasia7_asim_blu
0x002A       [0]    __Lib_Lcd_cmd_status
0x002B       [2]    main_i_L0
0x002D       [2]    main_keypressed_L0
0x002F       [1]    FARG_Lcd_Out_row
0x002F       [1]    FARG_setPixel_r_
0x002F       [1]    FARG_sendCMD_datax
0x0030       [1]    FARG_setPixel_g_
0x0030       [1]    FARG_Lcd_Out_column
0x0031       [1]    FARG_setPixel_b_
0x0031       [2]    FARG_Lcd_Out_text
0x0033       [1]    Lcd_Out_i_L0
0x0034       [1]    FARG_Lcd_Chr_CP_out_char
0x0034       [1]    FARG_sendData_datax
0x0035       [1]    FARG_Lcd_Cmd_out_char
0x0035       [1]    FARG_shiftBits_b
0x0F81       [1]    PORTB
0x0F82       [0]    RC3_bit
0x0F82       [0]    RC4_bit
0x0F83       [0]    RD6_bit
0x0F83       [0]    RD7_bit
0x0F83       [0]    RD4_bit
0x0F83       [0]    RD5_bit
0x0F83       [1]    PORTD
0x0F83       [0]    LCD_D6
0x0F83       [0]    LCD_D5
0x0F83       [0]    LCD_D4
0x0F83       [0]    LCD_D7
0x0F84       [0]    RE2_bit
0x0F84       [0]    RE1_bit
0x0F84       [0]    LCD_EN
0x0F84       [0]    LCD_RS
0x0F93       [1]    TRISB
0x0F94       [0]    TRISC3_bit
0x0F94       [0]    TRISC4_bit
0x0F95       [0]    LCD_D6_Direction
0x0F95       [0]    LCD_D7_Direction
0x0F95       [0]    LCD_D5_Direction
0x0F95       [1]    TRISD
0x0F95       [0]    LCD_D4_Direction
0x0F95       [0]    TRISD7_bit
0x0F95       [0]    TRISD6_bit
0x0F95       [0]    TRISD5_bit
0x0F95       [0]    TRISD4_bit
0x0F96       [0]    TRISE1_bit
0x0F96       [0]    LCD_RS_Direction
0x0F96       [0]    LCD_EN_Direction
0x0F96       [0]    TRISE2_bit
0x0FD8       [1]    STATUS
0x0FD9       [1]    FSR2L
0x0FDA       [1]    FSR2H
0x0FDE       [1]    POSTINC2
0x0FE0       [1]    BSR
0x0FE1       [1]    FSR1L
0x0FE2       [1]    FSR1H
0x0FE4       [1]    PREINC1
0x0FE6       [1]    POSTINC1
0x0FE7       [1]    INDF1
0x0FE8       [1]    WREG
0x0FE9       [1]    FSR0L
0x0FEA       [1]    FSR0H
0x0FEE       [1]    POSTINC0
0x0FF3       [1]    PRODL
0x0FF4       [1]    PRODH
0x0FF5       [1]    TABLAT
0x0FF6       [1]    TBLPTRL
0x0FF7       [1]    TBLPTRH
0x0FF8       [1]    TBLPTRU
